# JRE version: OpenJDK Runtime Environment (8.0) (build 1.8.0-25-microsoft-b00)
# Java VM: OpenJDK 64-Bit Server VM (25.71-b00 mixed mode windows-amd64 compressed oops)
Heap:
 PSYoungGen      total 167936K, used 36109K [0x00000000eab00000, 0x00000000f6600000, 0x0000000100000000)
  eden space 151552K, 15% used [0x00000000eab00000,0x00000000ec28b500,0x00000000f3f00000)
  from space 16384K, 73% used [0x00000000f5600000,0x00000000f61b8030,0x00000000f6600000)
  to   space 19968K, 0% used [0x00000000f3f00000,0x00000000f3f00000,0x00000000f5280000)
 ParOldGen       total 67584K, used 31467K [0x00000000c0000000, 0x00000000c4200000, 0x00000000eab00000)
  object space 67584K, 46% used [0x00000000c0000000,0x00000000c1ebaee8,0x00000000c4200000)
 Metaspace       used 14862K, capacity 15504K, committed 15872K, reserved 1062912K
  class space    used 1763K, capacity 1928K, committed 2048K, reserved 1048576K
GC Heap History (10 events):
Event: 6.145 GC heap before
{Heap before GC invocations=9 (full 1):
 PSYoungGen      total 80384K, used 65024K [0x00000000eab00000, 0x00000000f5400000, 0x0000000100000000)
  eden space 65024K, 100% used [0x00000000eab00000,0x00000000eea80000,0x00000000eea80000)
  from space 15360K, 0% used [0x00000000eea80000,0x00000000eea80000,0x00000000ef980000)
  to   space 21504K, 0% used [0x00000000f3f00000,0x00000000f3f00000,0x00000000f5400000)
 ParOldGen       total 67584K, used 31451K [0x00000000c0000000, 0x00000000c4200000, 0x00000000eab00000)
  object space 67584K, 46% used [0x00000000c0000000,0x00000000c1eb6ee8,0x00000000c4200000)
 Metaspace       used 14429K, capacity 15012K, committed 15232K, reserved 1062912K
  class space    used 1725K, capacity 1886K, committed 1920K, reserved 1048576K
Event: 6.152 GC heap after
Heap after GC invocations=9 (full 1):
 PSYoungGen      total 98304K, used 2116K [0x00000000eab00000, 0x00000000f4180000, 0x0000000100000000)
  eden space 95744K, 0% used [0x00000000eab00000,0x00000000eab00000,0x00000000f0880000)
  from space 2560K, 82% used [0x00000000f3f00000,0x00000000f41110e0,0x00000000f4180000)
  to   space 22016K, 0% used [0x00000000f1680000,0x00000000f1680000,0x00000000f2c00000)
 ParOldGen       total 67584K, used 31459K [0x00000000c0000000, 0x00000000c4200000, 0x00000000eab00000)
  object space 67584K, 46% used [0x00000000c0000000,0x00000000c1eb8ee8,0x00000000c4200000)
 Metaspace       used 14429K, capacity 15012K, committed 15232K, reserved 1062912K
  class space    used 1725K, capacity 1886K, committed 1920K, reserved 1048576K
}
Event: 7.866 GC heap before
{Heap before GC invocations=10 (full 1):
 PSYoungGen      total 98304K, used 97860K [0x00000000eab00000, 0x00000000f4180000, 0x0000000100000000)
  eden space 95744K, 100% used [0x00000000eab00000,0x00000000f0880000,0x00000000f0880000)
  from space 2560K, 82% used [0x00000000f3f00000,0x00000000f41110e0,0x00000000f4180000)
  to   space 22016K, 0% used [0x00000000f1680000,0x00000000f1680000,0x00000000f2c00000)
 ParOldGen       total 67584K, used 31459K [0x00000000c0000000, 0x00000000c4200000, 0x00000000eab00000)
  object space 67584K, 46% used [0x00000000c0000000,0x00000000c1eb8ee8,0x00000000c4200000)
 Metaspace       used 14626K, capacity 15228K, committed 15488K, reserved 1062912K
  class space    used 1740K, capacity 1888K, committed 1920K, reserved 1048576K
Event: 7.888 GC heap after
Heap after GC invocations=10 (full 1):
 PSYoungGen      total 132096K, used 4166K [0x00000000eab00000, 0x00000000f4a00000, 0x0000000100000000)
  eden space 110080K, 0% used [0x00000000eab00000,0x00000000eab00000,0x00000000f1680000)
  from space 22016K, 18% used [0x00000000f1680000,0x00000000f1a91af0,0x00000000f2c00000)
  to   space 21504K, 0% used [0x00000000f3500000,0x00000000f3500000,0x00000000f4a00000)
 ParOldGen       total 67584K, used 31459K [0x00000000c0000000, 0x00000000c4200000, 0x00000000eab00000)
  object space 67584K, 46% used [0x00000000c0000000,0x00000000c1eb8ee8,0x00000000c4200000)
 Metaspace       used 14626K, capacity 15228K, committed 15488K, reserved 1062912K
  class space    used 1740K, capacity 1888K, committed 1920K, reserved 1048576K
}
Event: 11.138 GC heap before
{Heap before GC invocations=11 (full 1):
 PSYoungGen      total 132096K, used 114246K [0x00000000eab00000, 0x00000000f4a00000, 0x0000000100000000)
  eden space 110080K, 100% used [0x00000000eab00000,0x00000000f1680000,0x00000000f1680000)
  from space 22016K, 18% used [0x00000000f1680000,0x00000000f1a91af0,0x00000000f2c00000)
  to   space 21504K, 0% used [0x00000000f3500000,0x00000000f3500000,0x00000000f4a00000)
 ParOldGen       total 67584K, used 31459K [0x00000000c0000000, 0x00000000c4200000, 0x00000000eab00000)
  object space 67584K, 46% used [0x00000000c0000000,0x00000000c1eb8ee8,0x00000000c4200000)
 Metaspace       used 14694K, capacity 15328K, committed 15488K, reserved 1062912K
  class space    used 1744K, capacity 1894K, committed 1920K, reserved 1048576K
Event: 11.190 GC heap after
Heap after GC invocations=11 (full 1):
 PSYoungGen      total 142336K, used 7337K [0x00000000eab00000, 0x00000000f5680000, 0x0000000100000000)
  eden space 120832K, 0% used [0x00000000eab00000,0x00000000eab00000,0x00000000f2100000)
  from space 21504K, 34% used [0x00000000f3500000,0x00000000f3c2a458,0x00000000f4a00000)
  to   space 20480K, 0% used [0x00000000f2100000,0x00000000f2100000,0x00000000f3500000)
 ParOldGen       total 67584K, used 31459K [0x00000000c0000000, 0x00000000c4200000, 0x00000000eab00000)
  object space 67584K, 46% used [0x00000000c0000000,0x00000000c1eb8ee8,0x00000000c4200000)
 Metaspace       used 14694K, capacity 15328K, committed 15488K, reserved 1062912K
  class space    used 1744K, capacity 1894K, committed 1920K, reserved 1048576K
}
Event: 12.221 GC heap before
{Heap before GC invocations=12 (full 1):
 PSYoungGen      total 142336K, used 128169K [0x00000000eab00000, 0x00000000f5680000, 0x0000000100000000)
  eden space 120832K, 100% used [0x00000000eab00000,0x00000000f2100000,0x00000000f2100000)
  from space 21504K, 34% used [0x00000000f3500000,0x00000000f3c2a458,0x00000000f4a00000)
  to   space 20480K, 0% used [0x00000000f2100000,0x00000000f2100000,0x00000000f3500000)
 ParOldGen       total 67584K, used 31459K [0x00000000c0000000, 0x00000000c4200000, 0x00000000eab00000)
  object space 67584K, 46% used [0x00000000c0000000,0x00000000c1eb8ee8,0x00000000c4200000)
 Metaspace       used 14747K, capacity 15392K, committed 15488K, reserved 1062912K
  class space    used 1747K, capacity 1894K, committed 1920K, reserved 1048576K
Event: 12.375 GC heap after
Heap after GC invocations=12 (full 1):
 PSYoungGen      total 141312K, used 10006K [0x00000000eab00000, 0x00000000f6980000, 0x0000000100000000)
  eden space 120832K, 0% used [0x00000000eab00000,0x00000000eab00000,0x00000000f2100000)
  from space 20480K, 48% used [0x00000000f2100000,0x00000000f2ac5b08,0x00000000f3500000)
  to   space 19968K, 0% used [0x00000000f5600000,0x00000000f5600000,0x00000000f6980000)
 ParOldGen       total 67584K, used 31467K [0x00000000c0000000, 0x00000000c4200000, 0x00000000eab00000)
  object space 67584K, 46% used [0x00000000c0000000,0x00000000c1ebaee8,0x00000000c4200000)
 Metaspace       used 14747K, capacity 15392K, committed 15488K, reserved 1062912K
  class space    used 1747K, capacity 1894K, committed 1920K, reserved 1048576K
}
Event: 14.808 GC heap before
{Heap before GC invocations=13 (full 1):
 PSYoungGen      total 141312K, used 130838K [0x00000000eab00000, 0x00000000f6980000, 0x0000000100000000)
  eden space 120832K, 100% used [0x00000000eab00000,0x00000000f2100000,0x00000000f2100000)
  from space 20480K, 48% used [0x00000000f2100000,0x00000000f2ac5b08,0x00000000f3500000)
  to   space 19968K, 0% used [0x00000000f5600000,0x00000000f5600000,0x00000000f6980000)
 ParOldGen       total 67584K, used 31467K [0x00000000c0000000, 0x00000000c4200000, 0x00000000eab00000)
  object space 67584K, 46% used [0x00000000c0000000,0x00000000c1ebaee8,0x00000000c4200000)
 Metaspace       used 14860K, capacity 15504K, committed 15872K, reserved 1062912K
  class space    used 1763K, capacity 1928K, committed 2048K, reserved 1048576K
Event: 14.857 GC heap after
Heap after GC invocations=13 (full 1):
 PSYoungGen      total 167936K, used 12000K [0x00000000eab00000, 0x00000000f6600000, 0x0000000100000000)
  eden space 151552K, 0% used [0x00000000eab00000,0x00000000eab00000,0x00000000f3f00000)
  from space 16384K, 73% used [0x00000000f5600000,0x00000000f61b8030,0x00000000f6600000)
  to   space 19968K, 0% used [0x00000000f3f00000,0x00000000f3f00000,0x00000000f5280000)
 ParOldGen       total 67584K, used 31467K [0x00000000c0000000, 0x00000000c4200000, 0x00000000eab00000)
  object space 67584K, 46% used [0x00000000c0000000,0x00000000c1ebaee8,0x00000000c4200000)
 Metaspace       used 14860K, capacity 15504K, committed 15872K, reserved 1062912K
  class space    used 1763K, capacity 1928K, committed 2048K, reserved 1048576K
}

