# JRE version: OpenJDK Runtime Environment (8.0) (build 1.8.0-25-microsoft-b00)
# Java VM: OpenJDK 64-Bit Server VM (25.71-b00 mixed mode windows-amd64 compressed oops)
Heap:
 PSYoungGen      total 35328K, used 20001K [0x00000000eab00000, 0x00000000ed000000, 0x0000000100000000)
  eden space 32768K, 53% used [0x00000000eab00000,0x00000000ebc09f70,0x00000000ecb00000)
  from space 2560K, 99% used [0x00000000ecb00000,0x00000000ecd7e6a8,0x00000000ecd80000)
  to   space 2560K, 0% used [0x00000000ecd80000,0x00000000ecd80000,0x00000000ed000000)
 ParOldGen       total 57856K, used 26950K [0x00000000c0000000, 0x00000000c3880000, 0x00000000eab00000)
  object space 57856K, 46% used [0x00000000c0000000,0x00000000c1a51b50,0x00000000c3880000)
 Metaspace       used 12342K, capacity 12838K, committed 13056K, reserved 1060864K
  class space    used 1549K, capacity 1703K, committed 1792K, reserved 1048576K
GC Heap History (10 events):
Event: 1.222 GC heap before
{Heap before GC invocations=4 (full 0):
 PSYoungGen      total 18944K, used 18927K [0x00000000eab00000, 0x00000000ed000000, 0x0000000100000000)
  eden space 16384K, 100% used [0x00000000eab00000,0x00000000ebb00000,0x00000000ebb00000)
  from space 2560K, 99% used [0x00000000ebb00000,0x00000000ebd7bc90,0x00000000ebd80000)
  to   space 2560K, 0% used [0x00000000ecd80000,0x00000000ecd80000,0x00000000ed000000)
 ParOldGen       total 44032K, used 10074K [0x00000000c0000000, 0x00000000c2b00000, 0x00000000eab00000)
  object space 44032K, 22% used [0x00000000c0000000,0x00000000c09d6950,0x00000000c2b00000)
 Metaspace       used 7577K, capacity 7744K, committed 7936K, reserved 1056768K
  class space    used 845K, capacity 914K, committed 1024K, reserved 1048576K
Event: 1.230 GC heap after
Heap after GC invocations=4 (full 0):
 PSYoungGen      total 35328K, used 2547K [0x00000000eab00000, 0x00000000ed000000, 0x0000000100000000)
  eden space 32768K, 0% used [0x00000000eab00000,0x00000000eab00000,0x00000000ecb00000)
  from space 2560K, 99% used [0x00000000ecd80000,0x00000000ecffce78,0x00000000ed000000)
  to   space 2560K, 0% used [0x00000000ecb00000,0x00000000ecb00000,0x00000000ecd80000)
 ParOldGen       total 44032K, used 16502K [0x00000000c0000000, 0x00000000c2b00000, 0x00000000eab00000)
  object space 44032K, 37% used [0x00000000c0000000,0x00000000c101da20,0x00000000c2b00000)
 Metaspace       used 7577K, capacity 7744K, committed 7936K, reserved 1056768K
  class space    used 845K, capacity 914K, committed 1024K, reserved 1048576K
}
Event: 1.571 GC heap before
{Heap before GC invocations=5 (full 0):
 PSYoungGen      total 35328K, used 35286K [0x00000000eab00000, 0x00000000ed000000, 0x0000000100000000)
  eden space 32768K, 99% used [0x00000000eab00000,0x00000000ecaf89d8,0x00000000ecb00000)
  from space 2560K, 99% used [0x00000000ecd80000,0x00000000ecffce78,0x00000000ed000000)
  to   space 2560K, 0% used [0x00000000ecb00000,0x00000000ecb00000,0x00000000ecd80000)
 ParOldGen       total 44032K, used 16502K [0x00000000c0000000, 0x00000000c2b00000, 0x00000000eab00000)
  object space 44032K, 37% used [0x00000000c0000000,0x00000000c101da20,0x00000000c2b00000)
 Metaspace       used 8612K, capacity 8854K, committed 9088K, reserved 1056768K
  class space    used 948K, capacity 1037K, committed 1152K, reserved 1048576K
Event: 1.590 GC heap after
Heap after GC invocations=5 (full 0):
 PSYoungGen      total 35328K, used 2537K [0x00000000eab00000, 0x00000000ed000000, 0x0000000100000000)
  eden space 32768K, 0% used [0x00000000eab00000,0x00000000eab00000,0x00000000ecb00000)
  from space 2560K, 99% used [0x00000000ecb00000,0x00000000ecd7a5e0,0x00000000ecd80000)
  to   space 2560K, 0% used [0x00000000ecd80000,0x00000000ecd80000,0x00000000ed000000)
 ParOldGen       total 44032K, used 26485K [0x00000000c0000000, 0x00000000c2b00000, 0x00000000eab00000)
  object space 44032K, 60% used [0x00000000c0000000,0x00000000c19dd728,0x00000000c2b00000)
 Metaspace       used 8612K, capacity 8854K, committed 9088K, reserved 1056768K
  class space    used 948K, capacity 1037K, committed 1152K, reserved 1048576K
}
Event: 1.682 GC heap before
{Heap before GC invocations=6 (full 0):
 PSYoungGen      total 35328K, used 35305K [0x00000000eab00000, 0x00000000ed000000, 0x0000000100000000)
  eden space 32768K, 100% used [0x00000000eab00000,0x00000000ecb00000,0x00000000ecb00000)
  from space 2560K, 99% used [0x00000000ecb00000,0x00000000ecd7a5e0,0x00000000ecd80000)
  to   space 2560K, 0% used [0x00000000ecd80000,0x00000000ecd80000,0x00000000ed000000)
 ParOldGen       total 44032K, used 26485K [0x00000000c0000000, 0x00000000c2b00000, 0x00000000eab00000)
  object space 44032K, 60% used [0x00000000c0000000,0x00000000c19dd728,0x00000000c2b00000)
 Metaspace       used 8635K, capacity 8940K, committed 9088K, reserved 1056768K
  class space    used 949K, capacity 1040K, committed 1152K, reserved 1048576K
Event: 1.697 GC heap after
Heap after GC invocations=6 (full 0):
 PSYoungGen      total 35328K, used 2537K [0x00000000eab00000, 0x00000000ed000000, 0x0000000100000000)
  eden space 32768K, 0% used [0x00000000eab00000,0x00000000eab00000,0x00000000ecb00000)
  from space 2560K, 99% used [0x00000000ecd80000,0x00000000ecffa5c0,0x00000000ed000000)
  to   space 2560K, 0% used [0x00000000ecb00000,0x00000000ecb00000,0x00000000ecd80000)
 ParOldGen       total 44032K, used 34804K [0x00000000c0000000, 0x00000000c2b00000, 0x00000000eab00000)
  object space 44032K, 79% used [0x00000000c0000000,0x00000000c21fd198,0x00000000c2b00000)
 Metaspace       used 8635K, capacity 8940K, committed 9088K, reserved 1056768K
  class space    used 949K, capacity 1040K, committed 1152K, reserved 1048576K
}
Event: 1.697 GC heap before
{Heap before GC invocations=7 (full 1):
 PSYoungGen      total 35328K, used 2537K [0x00000000eab00000, 0x00000000ed000000, 0x0000000100000000)
  eden space 32768K, 0% used [0x00000000eab00000,0x00000000eab00000,0x00000000ecb00000)
  from space 2560K, 99% used [0x00000000ecd80000,0x00000000ecffa5c0,0x00000000ed000000)
  to   space 2560K, 0% used [0x00000000ecb00000,0x00000000ecb00000,0x00000000ecd80000)
 ParOldGen       total 44032K, used 34804K [0x00000000c0000000, 0x00000000c2b00000, 0x00000000eab00000)
  object space 44032K, 79% used [0x00000000c0000000,0x00000000c21fd198,0x00000000c2b00000)
 Metaspace       used 8635K, capacity 8940K, committed 9088K, reserved 1056768K
  class space    used 949K, capacity 1040K, committed 1152K, reserved 1048576K
Event: 1.796 GC heap after
Heap after GC invocations=7 (full 1):
 PSYoungGen      total 35328K, used 0K [0x00000000eab00000, 0x00000000ed000000, 0x0000000100000000)
  eden space 32768K, 0% used [0x00000000eab00000,0x00000000eab00000,0x00000000ecb00000)
  from space 2560K, 0% used [0x00000000ecd80000,0x00000000ecd80000,0x00000000ed000000)
  to   space 2560K, 0% used [0x00000000ecb00000,0x00000000ecb00000,0x00000000ecd80000)
 ParOldGen       total 57856K, used 21567K [0x00000000c0000000, 0x00000000c3880000, 0x00000000eab00000)
  object space 57856K, 37% used [0x00000000c0000000,0x00000000c150fc70,0x00000000c3880000)
 Metaspace       used 8626K, capacity 8918K, committed 9088K, reserved 1056768K
  class space    used 946K, capacity 1035K, committed 1152K, reserved 1048576K
}
Event: 1.864 GC heap before
{Heap before GC invocations=8 (full 1):
 PSYoungGen      total 35328K, used 32768K [0x00000000eab00000, 0x00000000ed000000, 0x0000000100000000)
  eden space 32768K, 100% used [0x00000000eab00000,0x00000000ecb00000,0x00000000ecb00000)
  from space 2560K, 0% used [0x00000000ecd80000,0x00000000ecd80000,0x00000000ed000000)
  to   space 2560K, 0% used [0x00000000ecb00000,0x00000000ecb00000,0x00000000ecd80000)
 ParOldGen       total 57856K, used 21567K [0x00000000c0000000, 0x00000000c3880000, 0x00000000eab00000)
  object space 57856K, 37% used [0x00000000c0000000,0x00000000c150fc70,0x00000000c3880000)
 Metaspace       used 8628K, capacity 8918K, committed 9088K, reserved 1056768K
  class space    used 946K, capacity 1035K, committed 1152K, reserved 1048576K
Event: 1.874 GC heap after
Heap after GC invocations=8 (full 1):
 PSYoungGen      total 35328K, used 2553K [0x00000000eab00000, 0x00000000ed000000, 0x0000000100000000)
  eden space 32768K, 0% used [0x00000000eab00000,0x00000000eab00000,0x00000000ecb00000)
  from space 2560K, 99% used [0x00000000ecb00000,0x00000000ecd7e6a8,0x00000000ecd80000)
  to   space 2560K, 0% used [0x00000000ecd80000,0x00000000ecd80000,0x00000000ed000000)
 ParOldGen       total 57856K, used 26950K [0x00000000c0000000, 0x00000000c3880000, 0x00000000eab00000)
  object space 57856K, 46% used [0x00000000c0000000,0x00000000c1a51b50,0x00000000c3880000)
 Metaspace       used 8628K, capacity 8918K, committed 9088K, reserved 1056768K
  class space    used 946K, capacity 1035K, committed 1152K, reserved 1048576K
}

